<?xml version="1.0" encoding="UTF-8"?>
<!-- Generated by org.testng.reporters.JUnitReportReporter -->
<testsuite skipped="0" hostname="JEEVAN" name="com.sp.SPMaven.SimplePracticeHomePageTest" tests="5" failures="0" timestamp="16 Sep 2018 02:14:16 GMT" time="0.652" errors="0">
  <testcase name="verifyLogoPresence" time="0.101" classname="com.sp.SPMaven.SimplePracticeHomePageTest"/>
  <testcase name="upgradeMyAccountShouldBeVisible" time="0.073" classname="com.sp.SPMaven.SimplePracticeHomePageTest"/>
  <testcase name="createBtnShouldBeVisible" time="0.405" classname="com.sp.SPMaven.SimplePracticeHomePageTest"/>
  <testcase name="searchBarShouldBeVisible" time="0.040" classname="com.sp.SPMaven.SimplePracticeHomePageTest"/>
  <testcase name="helpButtonShouldBeVisible" time="0.033" classname="com.sp.SPMaven.SimplePracticeHomePageTest"/>
</testsuite> <!-- com.sp.SPMaven.SimplePracticeHomePageTest -->
